---------------------------------------------------------------
[ 2021-01-12T10:40:09+08:00 ] 127.0.0.1 GET pos.com/api/index/index
[ error ] [2]file_get_contents(E:\pos\/cert/rsa_public_key.pem): failed to open stream: No such file or directory
---------------------------------------------------------------
[ 2021-01-12T10:40:57+08:00 ] 127.0.0.1 GET pos.com/api/index/index
[ error ] [2]file_get_contents(E:\pos\/cert/rsa_public_key.pem): failed to open stream: No such file or directory
---------------------------------------------------------------
[ 2021-01-12T10:41:11+08:00 ] 127.0.0.1 GET pos.com/api/index/index
[运行时间：0.121007s] [吞吐率：8.26req/s] [内存消耗：2,710.98kb] [文件加载：121]
[ info ] [ BEHAVIOR ] Run Closure @app_init [ RunTime:0.000000s ]
[ info ] [ CACHE ] INIT File
[ info ] [ BEHAVIOR ] Run Closure @app_init [ RunTime:0.002000s ]
[ info ] [ LANG ] E:\pos\thinkphp\lang\zh-cn.php
[ info ] [ BEHAVIOR ] Run app\common\behavior\Common @app_dispatch [ RunTime:0.000000s ]
[ info ] [ ROUTE ] array (
  'type' => 'module',
  'module' => 
  array (
    0 => 'api',
    1 => 'index',
    2 => 'index',
  ),
)
[ info ] [ HEADER ] array (
  'connection' => 'close',
  'accept-encoding' => 'gzip, deflate',
  'host' => 'pos.com',
  'accept' => '*/*',
  'user-agent' => 'PostmanRuntime/7.6.0',
  'postman-token' => 'a147ec72-e143-4ce2-bed8-242fc694ee4b',
  'cache-control' => 'no-cache',
)
[ info ] [ PARAM ] array (
)
[ info ] [ LANG ] E:\pos\public/../application/api\lang\zh-cn.php
[ info ] [ BEHAVIOR ] Run app\common\behavior\Common @module_init [ RunTime:0.001000s ]
[ info ] [ RUN ] app\api\controller\Index->index[ E:\pos\application\api\controller\Index.php ]
[ info ] [ LOG ] INIT File
[ error ] [2]file_get_contents(E:\pos\/cert/rsa_public_key.pem): failed to open stream: No such file or directory[E:\pos\application\api\controller\Rsa.php:24]
---------------------------------------------------------------
[ 2021-01-12T10:41:34+08:00 ] 127.0.0.1 GET pos.com/api/index/index
[运行时间：0.035002s] [吞吐率：28.57req/s] [内存消耗：2,710.98kb] [文件加载：121]
[ info ] [ BEHAVIOR ] Run Closure @app_init [ RunTime:0.000000s ]
[ info ] [ CACHE ] INIT File
[ info ] [ BEHAVIOR ] Run Closure @app_init [ RunTime:0.003000s ]
[ info ] [ LANG ] E:\pos\thinkphp\lang\zh-cn.php
[ info ] [ BEHAVIOR ] Run app\common\behavior\Common @app_dispatch [ RunTime:0.001000s ]
[ info ] [ ROUTE ] array (
  'type' => 'module',
  'module' => 
  array (
    0 => 'api',
    1 => 'index',
    2 => 'index',
  ),
)
[ info ] [ HEADER ] array (
  'connection' => 'close',
  'accept-encoding' => 'gzip, deflate',
  'host' => 'pos.com',
  'accept' => '*/*',
  'user-agent' => 'PostmanRuntime/7.6.0',
  'postman-token' => '14fd712b-c8af-4dfe-8104-eddc188ac8d7',
  'cache-control' => 'no-cache',
)
[ info ] [ PARAM ] array (
)
[ info ] [ LANG ] E:\pos\public/../application/api\lang\zh-cn.php
[ info ] [ BEHAVIOR ] Run app\common\behavior\Common @module_init [ RunTime:0.001000s ]
[ info ] [ RUN ] app\api\controller\Index->index[ E:\pos\application\api\controller\Index.php ]
[ info ] [ LOG ] INIT File
[ error ] [2]file_get_contents(E:\pos\/cert/rsa_public_key.pem): failed to open stream: No such file or directory[E:\pos\application\api\controller\Rsa.php:24]
---------------------------------------------------------------
[ 2021-01-12T10:41:45+08:00 ] 127.0.0.1 GET pos.com/api/index/index
[运行时间：0.091005s] [吞吐率：10.99req/s] [内存消耗：2,596.08kb] [文件加载：116]
[ info ] [ BEHAVIOR ] Run Closure @app_init [ RunTime:0.000000s ]
[ info ] [ CACHE ] INIT File
[ info ] [ BEHAVIOR ] Run Closure @app_init [ RunTime:0.002001s ]
[ info ] [ LANG ] E:\pos\thinkphp\lang\zh-cn.php
[ info ] [ BEHAVIOR ] Run app\common\behavior\Common @app_dispatch [ RunTime:0.000000s ]
[ info ] [ ROUTE ] array (
  'type' => 'module',
  'module' => 
  array (
    0 => 'api',
    1 => 'index',
    2 => 'index',
  ),
)
[ info ] [ HEADER ] array (
  'connection' => 'close',
  'accept-encoding' => 'gzip, deflate',
  'host' => 'pos.com',
  'accept' => '*/*',
  'user-agent' => 'PostmanRuntime/7.6.0',
  'postman-token' => 'ce6d5233-fa2c-4d9f-a6c5-8d6198b41982',
  'cache-control' => 'no-cache',
)
[ info ] [ PARAM ] array (
)
[ info ] [ LANG ] E:\pos\public/../application/api\lang\zh-cn.php
[ info ] [ BEHAVIOR ] Run app\common\behavior\Common @module_init [ RunTime:0.001000s ]
[ info ] [ RUN ] app\api\controller\Index->index[ E:\pos\application\api\controller\Index.php ]
[ info ] [ LOG ] INIT File
---------------------------------------------------------------
[ 2021-01-12T10:44:56+08:00 ] 127.0.0.1 GET pos.com/api/index/index
[运行时间：0.050003s] [吞吐率：20.00req/s] [内存消耗：2,596.06kb] [文件加载：116]
[ info ] [ BEHAVIOR ] Run Closure @app_init [ RunTime:0.000000s ]
[ info ] [ CACHE ] INIT File
[ info ] [ BEHAVIOR ] Run Closure @app_init [ RunTime:0.002000s ]
[ info ] [ LANG ] E:\pos\thinkphp\lang\zh-cn.php
[ info ] [ BEHAVIOR ] Run app\common\behavior\Common @app_dispatch [ RunTime:0.001000s ]
[ info ] [ ROUTE ] array (
  'type' => 'module',
  'module' => 
  array (
    0 => 'api',
    1 => 'index',
    2 => 'index',
  ),
)
[ info ] [ HEADER ] array (
  'connection' => 'close',
  'accept-encoding' => 'gzip, deflate',
  'host' => 'pos.com',
  'accept' => '*/*',
  'user-agent' => 'PostmanRuntime/7.6.0',
  'postman-token' => '62901294-d550-4352-898d-033283431d15',
  'cache-control' => 'no-cache',
)
[ info ] [ PARAM ] array (
)
[ info ] [ LANG ] E:\pos\public/../application/api\lang\zh-cn.php
[ info ] [ BEHAVIOR ] Run app\common\behavior\Common @module_init [ RunTime:0.002000s ]
[ info ] [ RUN ] app\api\controller\Index->index[ E:\pos\application\api\controller\Index.php ]
[ info ] [ LOG ] INIT File
